<?xml version="1.0" encoding="UTF-8"?>
<!-- Generated by org.testng.reporters.JUnitReportReporter -->
<testsuite hostname="MP13NE4Y" name="testNG.ParallelTesting" tests="2" failures="0" timestamp="9 Sep 2020 10:27:13 GMT" time="11.109" errors="2">
  <testcase name="openGoogle" time="5.553" classname="testNG.ParallelTesting">
    <error type="org.openqa.selenium.SessionNotCreatedException" message="session not created: This version of ChromeDriver only supports Chrome version 76
Build info: version: &#039;unknown&#039;, revision: &#039;unknown&#039;, time: &#039;unknown&#039;
System info: host: &#039;MP13NE4Y&#039;, ip: &#039;192.168.56.1&#039;, os.name: &#039;Windows 7&#039;, os.arch: &#039;amd64&#039;, os.version: &#039;6.1&#039;, java.version: &#039;1.8.0_251&#039;
Driver info: driver.version: ChromeDriver
remote stacktrace: Backtrace:
	Ordinal0 [0x01357C53+1473619]
	Ordinal0 [0x012DAD71+961905]
	Ordinal0 [0x012642B3+475827]
	Ordinal0 [0x011FF365+62309]
	Ordinal0 [0x011FBC77+48247]
	Ordinal0 [0x01219149+168265]
	Ordinal0 [0x01218D1D+167197]
	Ordinal0 [0x0121742B+160811]
	Ordinal0 [0x01200AE6+68326]
	Ordinal0 [0x01201BF0+72688]
	Ordinal0 [0x01201B89+72585]
	Ordinal0 [0x012F4B37+1067831]
	GetHandleVerifier [0x013F6845+506677]
	GetHandleVerifier [0x013F65E0+506064]
	GetHandleVerifier [0x013FD188+533624]
	GetHandleVerifier [0x013F701A+508682]
	Ordinal0 [0x012EC226+1032742]
	Ordinal0 [0x012EC09F+1032351]
	Ordinal0 [0x012F6A4B+1075787]
	Ordinal0 [0x012F6BB3+1076147]
	Ordinal0 [0x012F5B65+1071973]
	BaseThreadInitThunk [0x757F338A+18]
	RtlInitializeExceptionChain [0x77B39902+99]
	RtlInitializeExceptionChain [0x77B398D5+54]
">
      <![CDATA[org.openqa.selenium.SessionNotCreatedException: session not created: This version of ChromeDriver only supports Chrome version 76
Build info: version: 'unknown', revision: 'unknown', time: 'unknown'
System info: host: 'MP13NE4Y', ip: '192.168.56.1', os.name: 'Windows 7', os.arch: 'amd64', os.version: '6.1', java.version: '1.8.0_251'
Driver info: driver.version: ChromeDriver
remote stacktrace: Backtrace:
	Ordinal0 [0x01357C53+1473619]
	Ordinal0 [0x012DAD71+961905]
	Ordinal0 [0x012642B3+475827]
	Ordinal0 [0x011FF365+62309]
	Ordinal0 [0x011FBC77+48247]
	Ordinal0 [0x01219149+168265]
	Ordinal0 [0x01218D1D+167197]
	Ordinal0 [0x0121742B+160811]
	Ordinal0 [0x01200AE6+68326]
	Ordinal0 [0x01201BF0+72688]
	Ordinal0 [0x01201B89+72585]
	Ordinal0 [0x012F4B37+1067831]
	GetHandleVerifier [0x013F6845+506677]
	GetHandleVerifier [0x013F65E0+506064]
	GetHandleVerifier [0x013FD188+533624]
	GetHandleVerifier [0x013F701A+508682]
	Ordinal0 [0x012EC226+1032742]
	Ordinal0 [0x012EC09F+1032351]
	Ordinal0 [0x012F6A4B+1075787]
	Ordinal0 [0x012F6BB3+1076147]
	Ordinal0 [0x012F5B65+1071973]
	BaseThreadInitThunk [0x757F338A+18]
	RtlInitializeExceptionChain [0x77B39902+99]
	RtlInitializeExceptionChain [0x77B398D5+54]

	at sun.reflect.NativeConstructorAccessorImpl.newInstance0(Native Method)
	at sun.reflect.NativeConstructorAccessorImpl.newInstance(Unknown Source)
	at sun.reflect.DelegatingConstructorAccessorImpl.newInstance(Unknown Source)
	at java.lang.reflect.Constructor.newInstance(Unknown Source)
	at org.openqa.selenium.remote.W3CHandshakeResponse.lambda$errorHandler$0(W3CHandshakeResponse.java:62)
	at org.openqa.selenium.remote.HandshakeResponse.lambda$getResponseFunction$0(HandshakeResponse.java:30)
	at org.openqa.selenium.remote.ProtocolHandshake.lambda$createSession$0(ProtocolHandshake.java:126)
	at java.util.stream.ReferencePipeline$3$1.accept(Unknown Source)
	at java.util.Spliterators$ArraySpliterator.tryAdvance(Unknown Source)
	at java.util.stream.ReferencePipeline.forEachWithCancel(Unknown Source)
	at java.util.stream.AbstractPipeline.copyIntoWithCancel(Unknown Source)
	at java.util.stream.AbstractPipeline.copyInto(Unknown Source)
	at java.util.stream.AbstractPipeline.wrapAndCopyInto(Unknown Source)
	at java.util.stream.FindOps$FindOp.evaluateSequential(Unknown Source)
	at java.util.stream.AbstractPipeline.evaluate(Unknown Source)
	at java.util.stream.ReferencePipeline.findFirst(Unknown Source)
	at org.openqa.selenium.remote.ProtocolHandshake.createSession(ProtocolHandshake.java:128)
	at org.openqa.selenium.remote.ProtocolHandshake.createSession(ProtocolHandshake.java:74)
	at org.openqa.selenium.remote.HttpCommandExecutor.execute(HttpCommandExecutor.java:136)
	at org.openqa.selenium.remote.service.DriverCommandExecutor.execute(DriverCommandExecutor.java:83)
	at org.openqa.selenium.remote.RemoteWebDriver.execute(RemoteWebDriver.java:552)
	at org.openqa.selenium.remote.RemoteWebDriver.startSession(RemoteWebDriver.java:213)
	at org.openqa.selenium.remote.RemoteWebDriver.<init>(RemoteWebDriver.java:131)
	at org.openqa.selenium.chrome.ChromeDriver.<init>(ChromeDriver.java:170)
	at org.openqa.selenium.chrome.ChromeDriver.<init>(ChromeDriver.java:159)
	at org.openqa.selenium.chrome.ChromeDriver.<init>(ChromeDriver.java:116)
	at testNG.ParallelTesting.openGoogle(ParallelTesting.java:11)
	at sun.reflect.NativeMethodAccessorImpl.invoke0(Native Method)
	at sun.reflect.NativeMethodAccessorImpl.invoke(Unknown Source)
	at sun.reflect.DelegatingMethodAccessorImpl.invoke(Unknown Source)
	at java.lang.reflect.Method.invoke(Unknown Source)
	at org.testng.internal.MethodInvocationHelper.invokeMethod(MethodInvocationHelper.java:85)
	at org.testng.internal.Invoker.invokeMethod(Invoker.java:639)
	at org.testng.internal.Invoker.invokeTestMethod(Invoker.java:816)
	at org.testng.internal.Invoker.invokeTestMethods(Invoker.java:1124)
	at org.testng.internal.TestMethodWorker.invokeTestMethods(TestMethodWorker.java:125)
	at org.testng.internal.TestMethodWorker.run(TestMethodWorker.java:108)
	at java.util.concurrent.ThreadPoolExecutor.runWorker(Unknown Source)
	at java.util.concurrent.ThreadPoolExecutor$Worker.run(Unknown Source)
	at java.lang.Thread.run(Unknown Source)
]]>
    </error>
  </testcase> <!-- openGoogle -->
  <testcase name="openBing" time="5.556" classname="testNG.ParallelTesting">
    <error type="org.openqa.selenium.SessionNotCreatedException" message="session not created: This version of ChromeDriver only supports Chrome version 76
Build info: version: &#039;unknown&#039;, revision: &#039;unknown&#039;, time: &#039;unknown&#039;
System info: host: &#039;MP13NE4Y&#039;, ip: &#039;192.168.56.1&#039;, os.name: &#039;Windows 7&#039;, os.arch: &#039;amd64&#039;, os.version: &#039;6.1&#039;, java.version: &#039;1.8.0_251&#039;
Driver info: driver.version: ChromeDriver
remote stacktrace: Backtrace:
	Ordinal0 [0x01357C53+1473619]
	Ordinal0 [0x012DAD71+961905]
	Ordinal0 [0x012642B3+475827]
	Ordinal0 [0x011FF365+62309]
	Ordinal0 [0x011FBC77+48247]
	Ordinal0 [0x01219149+168265]
	Ordinal0 [0x01218D1D+167197]
	Ordinal0 [0x0121742B+160811]
	Ordinal0 [0x01200AE6+68326]
	Ordinal0 [0x01201BF0+72688]
	Ordinal0 [0x01201B89+72585]
	Ordinal0 [0x012F4B37+1067831]
	GetHandleVerifier [0x013F6845+506677]
	GetHandleVerifier [0x013F65E0+506064]
	GetHandleVerifier [0x013FD188+533624]
	GetHandleVerifier [0x013F701A+508682]
	Ordinal0 [0x012EC226+1032742]
	Ordinal0 [0x012EC09F+1032351]
	Ordinal0 [0x012F6A4B+1075787]
	Ordinal0 [0x012F6BB3+1076147]
	Ordinal0 [0x012F5B65+1071973]
	BaseThreadInitThunk [0x757F338A+18]
	RtlInitializeExceptionChain [0x77B39902+99]
	RtlInitializeExceptionChain [0x77B398D5+54]
">
      <![CDATA[org.openqa.selenium.SessionNotCreatedException: session not created: This version of ChromeDriver only supports Chrome version 76
Build info: version: 'unknown', revision: 'unknown', time: 'unknown'
System info: host: 'MP13NE4Y', ip: '192.168.56.1', os.name: 'Windows 7', os.arch: 'amd64', os.version: '6.1', java.version: '1.8.0_251'
Driver info: driver.version: ChromeDriver
remote stacktrace: Backtrace:
	Ordinal0 [0x01357C53+1473619]
	Ordinal0 [0x012DAD71+961905]
	Ordinal0 [0x012642B3+475827]
	Ordinal0 [0x011FF365+62309]
	Ordinal0 [0x011FBC77+48247]
	Ordinal0 [0x01219149+168265]
	Ordinal0 [0x01218D1D+167197]
	Ordinal0 [0x0121742B+160811]
	Ordinal0 [0x01200AE6+68326]
	Ordinal0 [0x01201BF0+72688]
	Ordinal0 [0x01201B89+72585]
	Ordinal0 [0x012F4B37+1067831]
	GetHandleVerifier [0x013F6845+506677]
	GetHandleVerifier [0x013F65E0+506064]
	GetHandleVerifier [0x013FD188+533624]
	GetHandleVerifier [0x013F701A+508682]
	Ordinal0 [0x012EC226+1032742]
	Ordinal0 [0x012EC09F+1032351]
	Ordinal0 [0x012F6A4B+1075787]
	Ordinal0 [0x012F6BB3+1076147]
	Ordinal0 [0x012F5B65+1071973]
	BaseThreadInitThunk [0x757F338A+18]
	RtlInitializeExceptionChain [0x77B39902+99]
	RtlInitializeExceptionChain [0x77B398D5+54]

	at sun.reflect.NativeConstructorAccessorImpl.newInstance0(Native Method)
	at sun.reflect.NativeConstructorAccessorImpl.newInstance(Unknown Source)
	at sun.reflect.DelegatingConstructorAccessorImpl.newInstance(Unknown Source)
	at java.lang.reflect.Constructor.newInstance(Unknown Source)
	at org.openqa.selenium.remote.W3CHandshakeResponse.lambda$errorHandler$0(W3CHandshakeResponse.java:62)
	at org.openqa.selenium.remote.HandshakeResponse.lambda$getResponseFunction$0(HandshakeResponse.java:30)
	at org.openqa.selenium.remote.ProtocolHandshake.lambda$createSession$0(ProtocolHandshake.java:126)
	at java.util.stream.ReferencePipeline$3$1.accept(Unknown Source)
	at java.util.Spliterators$ArraySpliterator.tryAdvance(Unknown Source)
	at java.util.stream.ReferencePipeline.forEachWithCancel(Unknown Source)
	at java.util.stream.AbstractPipeline.copyIntoWithCancel(Unknown Source)
	at java.util.stream.AbstractPipeline.copyInto(Unknown Source)
	at java.util.stream.AbstractPipeline.wrapAndCopyInto(Unknown Source)
	at java.util.stream.FindOps$FindOp.evaluateSequential(Unknown Source)
	at java.util.stream.AbstractPipeline.evaluate(Unknown Source)
	at java.util.stream.ReferencePipeline.findFirst(Unknown Source)
	at org.openqa.selenium.remote.ProtocolHandshake.createSession(ProtocolHandshake.java:128)
	at org.openqa.selenium.remote.ProtocolHandshake.createSession(ProtocolHandshake.java:74)
	at org.openqa.selenium.remote.HttpCommandExecutor.execute(HttpCommandExecutor.java:136)
	at org.openqa.selenium.remote.service.DriverCommandExecutor.execute(DriverCommandExecutor.java:83)
	at org.openqa.selenium.remote.RemoteWebDriver.execute(RemoteWebDriver.java:552)
	at org.openqa.selenium.remote.RemoteWebDriver.startSession(RemoteWebDriver.java:213)
	at org.openqa.selenium.remote.RemoteWebDriver.<init>(RemoteWebDriver.java:131)
	at org.openqa.selenium.chrome.ChromeDriver.<init>(ChromeDriver.java:170)
	at org.openqa.selenium.chrome.ChromeDriver.<init>(ChromeDriver.java:159)
	at org.openqa.selenium.chrome.ChromeDriver.<init>(ChromeDriver.java:116)
	at testNG.ParallelTesting.openBing(ParallelTesting.java:19)
	at sun.reflect.NativeMethodAccessorImpl.invoke0(Native Method)
	at sun.reflect.NativeMethodAccessorImpl.invoke(Unknown Source)
	at sun.reflect.DelegatingMethodAccessorImpl.invoke(Unknown Source)
	at java.lang.reflect.Method.invoke(Unknown Source)
	at org.testng.internal.MethodInvocationHelper.invokeMethod(MethodInvocationHelper.java:85)
	at org.testng.internal.Invoker.invokeMethod(Invoker.java:639)
	at org.testng.internal.Invoker.invokeTestMethod(Invoker.java:816)
	at org.testng.internal.Invoker.invokeTestMethods(Invoker.java:1124)
	at org.testng.internal.TestMethodWorker.invokeTestMethods(TestMethodWorker.java:125)
	at org.testng.internal.TestMethodWorker.run(TestMethodWorker.java:108)
	at java.util.concurrent.ThreadPoolExecutor.runWorker(Unknown Source)
	at java.util.concurrent.ThreadPoolExecutor$Worker.run(Unknown Source)
	at java.lang.Thread.run(Unknown Source)
]]>
    </error>
  </testcase> <!-- openBing -->
</testsuite> <!-- testNG.ParallelTesting -->
